11/18/2016 10:39:59 AM	This log contains information about the import schema operation into project 'Eagle.Database' on computer 'NVANMINH' by user 'nvanminh'.
11/18/2016 10:39:59 AM	Import of database schema has started.
11/18/2016 10:40:05 AM	Gathering database options
11/18/2016 10:40:05 AM	Gathering users
11/18/2016 10:40:05 AM	Gathering roles
11/18/2016 10:40:05 AM	Gathering application roles
11/18/2016 10:40:05 AM	Gathering role memberships
11/18/2016 10:40:05 AM	Gathering filegroups
11/18/2016 10:40:05 AM	Gathering full-text catalogs
11/18/2016 10:40:05 AM	Gathering assemblies
11/18/2016 10:40:05 AM	Gathering certificates
11/18/2016 10:40:05 AM	Gathering asymmetric keys
11/18/2016 10:40:05 AM	Gathering symmetric keys
11/18/2016 10:40:05 AM	Gathering encrypted symmetric keys
11/18/2016 10:40:05 AM	Gathering schemas
11/18/2016 10:40:05 AM	Gathering XML schema collections
11/18/2016 10:40:05 AM	Gathering user-defined data types
11/18/2016 10:40:05 AM	Gathering user-defined types
11/18/2016 10:40:05 AM	Gathering table types
11/18/2016 10:40:05 AM	Gathering unique keys for table types
11/18/2016 10:40:06 AM	Gathering primary keys for table types
11/18/2016 10:40:06 AM	Gathering indexes for table types
11/18/2016 10:40:06 AM	Gathering check constraints for table types
11/18/2016 10:40:06 AM	Gathering default constraints for table types
11/18/2016 10:40:06 AM	Gathering partition functions
11/18/2016 10:40:06 AM	Gathering partition schemes
11/18/2016 10:40:06 AM	Gathering functions
11/18/2016 10:40:06 AM	Gathering encrypted functions
11/18/2016 10:40:06 AM	Gathering aggregates
11/18/2016 10:40:06 AM	Gathering procedures
11/18/2016 10:40:06 AM	Gathering encrypted procedures
11/18/2016 10:40:06 AM	Gathering tables
11/18/2016 10:40:09 AM	Gathering primary keys
11/18/2016 10:40:09 AM	Gathering unique constraints
11/18/2016 10:40:09 AM	Gathering foreign keys
11/18/2016 10:40:09 AM	Gathering default constraints
11/18/2016 10:40:09 AM	Gathering check constraints
11/18/2016 10:40:09 AM	Gathering views
11/18/2016 10:40:09 AM	Gathering encrypted views
11/18/2016 10:40:09 AM	Gathering indexes
11/18/2016 10:40:09 AM	Gathering statistics
11/18/2016 10:40:09 AM	Gathering full-text index stoplists
11/18/2016 10:40:09 AM	Gathering search property lists
11/18/2016 10:40:09 AM	Gathering search properties
11/18/2016 10:40:09 AM	Gathering full-text indexes
11/18/2016 10:40:09 AM	Gathering column store indexes
11/18/2016 10:40:09 AM	Gathering spatial indexes
11/18/2016 10:40:09 AM	Gathering XML indexes
11/18/2016 10:40:09 AM	Gathering Selective XML indexes
11/18/2016 10:40:10 AM	Gathering encrypted triggers
11/18/2016 10:40:10 AM	Gathering triggers
11/18/2016 10:40:10 AM	Gathering encrypted and clr ddl triggers
11/18/2016 10:40:10 AM	Gathering ddl triggers
11/18/2016 10:40:10 AM	Gathering synonyms
11/18/2016 10:40:10 AM	Gathering defaults
11/18/2016 10:40:10 AM	Gathering data constraint uddt bindings
11/18/2016 10:40:10 AM	Gathering rules
11/18/2016 10:40:10 AM	Gathering data constraint uddt bindings
11/18/2016 10:40:10 AM	Gathering message types
11/18/2016 10:40:10 AM	Gathering queues
11/18/2016 10:40:10 AM	Gathering contracts
11/18/2016 10:40:10 AM	Gathering services
11/18/2016 10:40:10 AM	Gathering event notifications
11/18/2016 10:40:10 AM	Gathering remote service bindings
11/18/2016 10:40:10 AM	Gathering broker priorities
11/18/2016 10:40:10 AM	Gathering signatures
11/18/2016 10:40:10 AM	Gathering data compression options
11/18/2016 10:40:10 AM	Gathering sequence types
11/18/2016 10:40:10 AM	Gathering database permissions
11/18/2016 10:40:10 AM	Gathering extended properties
11/18/2016 10:40:10 AM	Gathering credentials
11/18/2016 10:40:10 AM	Gathering logins
11/18/2016 10:40:10 AM	Gathering server audits
11/18/2016 10:40:13 AM	Scanning project for duplicate elements
11/18/2016 10:40:15 AM	Finished duplicate element processing
11/18/2016 10:40:18 AM	Finished importing database.
11/18/2016 10:40:18 AM	A summary of the import was saved to the following location: D:\Source\Eagle.Database\Eagle.Database\Import Schema Logs\Eagle.Database_20161118033959.log
11/18/2016 10:40:19 AM	Click Finish to continue...
